<?xml version="1.0" encoding="UTF-8"?>
<!-- Generated by org.testng.reporters.JUnitReportReporter -->
<testsuite hostname="bscw10tc1300" name="ECommerceTest" tests="1" failures="0" timestamp="31 Oct 2020 18:59:55 GMT" time="28.377" errors="0">
  <testcase name="Demo_Ecommerce" time="28.377" classname="ECommerceTest"/>
</testsuite> <!-- ECommerceTest -->
