<?xml version="1.0" encoding="UTF-8"?>
<!-- Generated by org.testng.reporters.JUnitReportReporter -->
<testsuite hostname="bscw10tc1300" name="Scenerio_E_Commerce" tests="1" failures="0" timestamp="31 Oct 2020 17:54:25 GMT" time="31.291" errors="0">
  <testcase name="Demo_Ecommerce" time="31.291" classname="Scenerio_E_Commerce"/>
</testsuite> <!-- Scenerio_E_Commerce -->
